nohup: no se tendrá en cuenta la entrada
✅ Credenciales PSE configuradas correctamente
🏦 Modo: sandbox
✅ Socket.IO para mensajería inicializado
node:events:502
      throw er; // Unhandled 'error' event
      ^

Error: listen EADDRINUSE: address already in use :::6001
    at Server.setupListenHandle [as _listen2] (node:net:1908:16)
    at listenInCluster (node:net:1965:12)
    at Server.listen (node:net:2067:7)
    at Object.<anonymous> (/home/escritorio/Documentos/programacionDiana/servitechWeb/SERVITECH/backend/src/app.js:130:8)
    at Module._compile (node:internal/modules/cjs/loader:1529:1📬 Procesando 0 notificaciones pendientes
Error global: ReferenceError: /home/escritorio/Documentos/programacionDiana/servitechWeb/SERVITECH/views/calendario.ejs:7
    5|   <meta charset="UTF-8">
    6|   <meta name="viewport" content="width=device-width, initial-scale=1.0">
 >> 7|   <title><%= pageTitle || 'Calendario - Agendar Cita' %></title>
    8|   <link href="https://cdn.jsdelivr.net/npm/bootstrap@5.3.0/dist/css/bootstrap.min.css" rel="stylesheet">
    9|   <link rel="stylesheet" href="/assets/css/base.css">
    10|   <link rel="stylesheet" href="/assets/css/componentes.css">

pageTitle is not defined
    at eval ("/home/escritorio/Documentos/programacionDiana/servitechWeb/SERVITECH/views/calendario.ejs":12:26)
    at calendario (/home/escritorio/Documentos/programacionDiana/servitechWeb/SERVITECH/backend/node_modules/ejs/lib/ejs.js:703:17)
    at tryHandleCache (/home/escritorio/Documentos/programacionDiana/servitechWeb/SERVITECH/backend/node_modules/ejs/lib/ejs.js:274:36)
    at exports.renderFile [as engine] (/home/escritorio/Documentos/programacionDiana/servitechWeb/SERVITECH/backend/node_modules/ejs/lib/ejs.js:491:10)
    at View.render (/home/escritorio/Documentos/programacionDiana/servitechWeb/SERVITECH/backend/node_modules/express/lib/view.js:139:8)
    at tryRender (/home/escritorio/Documentos/programacionDiana/servitechWeb/SERVITECH/backend/node_modules/express/lib/application.js:627:10)
    at Function.render (/home/escritorio/Documentos/programacionDiana/servitechWeb/SERVITECH/backend/node_modules/express/lib/application.js:574:3)
    at ServerResponse.render (/home/escritorio/Documentos/programacionDiana/servitechWeb/SERVITECH/backend/node_modules/express/lib/response.js:909:7)
    at /home/escritorio/Documentos/programacionDiana/servitechWeb/SERVITECH/backend/src/app.js:92:47
    at Layer.handleRequest (/home/escritorio/Documentos/programacionDiana/servitechWeb/SERVITECH/backend/node_modules/router/lib/layer.js:152:17) {
  path: '/home/escritorio/Documentos/programacionDiana/servitechWeb/SERVITECH/views/calendario.ejs'
}
Error global: ReferenceError: /home/escritorio/Documentos/programacionDiana/servitechWeb/SERVITECH/views/calendario.ejs:7
    5|   <meta charset="UTF-8">
    6|   <meta name="viewport" content="width=device-width, initial-scale=1.0">
 >> 7|   <title><%= pageTitle || 'Calendario - Agendar Cita' %></title>
    8|   <link href="https://cdn.jsdelivr.net/npm/bootstrap@5.3.0/dist/css/bootstrap.min.css" rel="stylesheet">
    9|   <link rel="stylesheet" href="/assets/css/base.css">
    10|   <link rel="stylesheet" href="/assets/css/componentes.css">

pageTitle is not defined
    at eval ("/home/escritorio/Documentos/programacionDiana/servitechWeb/SERVITECH/views/calendario.ejs":12:26)
    at calendario (/home/escritorio/Documentos/programacionDiana/servitechWeb/SERVITECH/backend/node_modules/ejs/lib/ejs.js:703:17)
    at tryHandleCache (/home/escritorio/Documentos/programacionDiana/servitechWeb/SERVITECH/backend/node_modules/ejs/lib/ejs.js:274:36)
    at exports.renderFile [as engine] (/home/escritorio/Documentos/programacionDiana/servitechWeb/SERVITECH/backend/node_modules/ejs/lib/ejs.js:491:10)
    at View.render (/home/escritorio/Documentos/programacionDiana/servitechWeb/SERVITECH/backend/node_modules/express/lib/view.js:139:8)
    at tryRender (/home/escritorio/Documentos/programacionDiana/servitechWeb/SERVITECH/backend/node_modules/express/lib/application.js:627:10)
    at Function.render (/home/escritorio/Documentos/programacionDiana/servitechWeb/SERVITECH/backend/node_modules/express/lib/application.js:574:3)
    at ServerResponse.render (/home/escritorio/Documentos/programacionDiana/servitechWeb/SERVITECH/backend/node_modules/express/lib/response.js:909:7)
    at /home/escritorio/Documentos/programacionDiana/servitechWeb/SERVITECH/backend/src/app.js:92:47
    at Layer.handleRequest (/home/escritorio/Documentos/programacionDiana/servitechWeb/SERVITECH/backend/node_modules/router/lib/layer.js:152:17) {
  path: '/home/escritorio/Documentos/programacionDiana/servitechWeb/SERVITECH/views/calendario.ejs'
}
Error global: ReferenceError: /home/escritorio/Documentos/programacionDiana/servitechWeb/SERVITECH/views/calendario.ejs:7
    5|   <meta charset="UTF-8">
    6|   <meta name="viewport" content="width=device-width, initial-scale=1.0">
 >> 7|   <title><%= pageTitle || 'Calendario - Agendar Cita' %></title>
    8|   <link href="https://cdn.jsdelivr.net/npm/bootstrap@5.3.0/dist/css/bootstrap.min.css" rel="stylesheet">
    9|   <link rel="stylesheet" href="/assets/css/base.css">
    10|   <link rel="stylesheet" href="/assets/css/componentes.css">

pageTitle is not defined
    at eval ("/home/escritorio/Documentos/programacionDiana/servitechWeb/SERVITECH/views/calendario.ejs":12:26)
    at calendario (/home/escritorio/Documentos/programacionDiana/servitechWeb/SERVITECH/backend/node_modules/ejs/lib/ejs.js:703:17)
    at tryHandleCache (/home/escritorio/Documentos/programacionDiana/servitechWeb/SERVITECH/backend/node_modules/ejs/lib/ejs.js:274:36)
    at exports.renderFile [as engine] (/home/escritorio/Documentos/programacionDiana/servitechWeb/SERVITECH/backend/node_modules/ejs/lib/ejs.js:491:10)
    at View.render (/home/escritorio/Documentos/programacionDiana/servitechWeb/SERVITECH/backend/node_modules/express/lib/view.js:139:8)
    at tryRender (/home/escritorio/Documentos/programacionDiana/servitechWeb/SERVITECH/backend/node_modules/express/lib/application.js:627:10)
    at Function.render (/home/escritorio/Documentos/programacionDiana/servitechWeb/SERVITECH/backend/node_modules/express/lib/application.js:574:3)
    at ServerResponse.render (/home/escritorio/Documentos/programacionDiana/servitechWeb/SERVITECH/backend/node_modules/express/lib/response.js:909:7)
    at /home/escritorio/Documentos/programacionDiana/servitechWeb/SERVITECH/backend/src/app.js:92:47
    at Layer.handleRequest (/home/escritorio/Documentos/programacionDiana/servitechWeb/SERVITECH/backend/node_modules/router/lib/layer.js:152:17) {
  path: '/home/escritorio/Documentos/programacionDiana/servitechWeb/SERVITECH/views/calendario.ejs'
}
Error global: ReferenceError: /home/escritorio/Documentos/programacionDiana/servitechWeb/SERVITECH/views/calendario.ejs:7
    5|   <meta charset="UTF-8">
    6|   <meta name="viewport" content="width=device-width, initial-scale=1.0">
 >> 7|   <title><%= pageTitle || 'Calendario - Agendar Cita' %></title>
    8|   <link href="https://cdn.jsdelivr.net/npm/bootstrap@5.3.0/dist/css/bootstrap.min.css" rel="stylesheet">
    9|   <link rel="stylesheet" href="/assets/css/base.css">
    10|   <link rel="stylesheet" href="/assets/css/componentes.css">

pageTitle is not defined
    at eval ("/home/escritorio/Documentos/programacionDiana/servitechWeb/SERVITECH/views/calendario.ejs":12:26)
    at calendario (/home/escritorio/Documentos/programacionDiana/servitechWeb/SERVITECH/backend/node_modules/ejs/lib/ejs.js:703:17)
    at tryHandleCache (/home/escritorio/Documentos/programacionDiana/servitechWeb/SERVITECH/backend/node_modules/ejs/lib/ejs.js:274:36)
    at exports.renderFile [as engine] (/home/escritorio/Documentos/programacionDiana/servitechWeb/SERVITECH/backend/node_modules/ejs/lib/ejs.js:491:10)
    at View.render (/home/escritorio/Documentos/programacionDiana/servitechWeb/SERVITECH/backend/node_modules/express/lib/view.js:139:8)
    at tryRender (/home/escritorio/Documentos/programacionDiana/servitechWeb/SERVITECH/backend/node_modules/express/lib/application.js:627:10)
    at Function.render (/home/escritorio/Documentos/programacionDiana/servitechWeb/SERVITECH/backend/node_modules/express/lib/application.js:574:3)
    at ServerResponse.render (/home/escritorio/Documentos/programacionDiana/servitechWeb/SERVITECH/backend/node_modules/express/lib/response.js:909:7)
    at /home/escritorio/Documentos/programacionDiana/servitechWeb/SERVITECH/backend/src/app.js:92:47
    at Layer.handleRequest (/home/escritorio/Documentos/programacionDiana/servitechWeb/SERVITECH/backend/node_modules/router/lib/layer.js:152:17) {
  path: '/home/escritorio/Documentos/programacionDiana/servitechWeb/SERVITECH/views/calendario.ejs'
}
Error global: ReferenceError: /home/escritorio/Documentos/programacionDiana/servitechWeb/SERVITECH/views/calendario.ejs:7
    5|   <meta charset="UTF-8">
    6|   <meta name="viewport" content="width=device-width, initial-scale=1.0">
 >> 7|   <title><%= pageTitle || 'Calendario - Agendar Cita' %></title>
    8|   <link href="https://cdn.jsdelivr.net/npm/bootstrap@5.3.0/dist/css/bootstrap.min.css" rel="stylesheet">
    9|   <link rel="stylesheet" href="/assets/css/base.css">
    10|   <link rel="stylesheet" href="/assets/css/componentes.css">

pageTitle is not defined
    at eval ("/home/escritorio/Documentos/programacionDiana/servitechWeb/SERVITECH/views/calendario.ejs":12:26)
    at calendario (/home/escritorio/Documentos/programacionDiana/servitechWeb/SERVITECH/backend/node_modules/ejs/lib/ejs.js:703:17)
    at tryHandleCache (/home/escritorio/Documentos/programacionDiana/servitechWeb/SERVITECH/backend/node_modules/ejs/lib/ejs.js:274:36)
    at exports.renderFile [as engine] (/home/escritorio/Documentos/programacionDiana/servitechWeb/SERVITECH/backend/node_modules/ejs/lib/ejs.js:491:10)
    at View.render (/home/escritorio/Documentos/programacionDiana/servitechWeb/SERVITECH/backend/node_modules/express/lib/view.js:139:8)
    at tryRender (/home/escritorio/Documentos/programacionDiana/servitechWeb/SERVITECH/backend/node_modules/express/lib/application.js:627:10)
    at Function.render (/home/escritorio/Documentos/programacionDiana/servitechWeb/SERVITECH/backend/node_modules/express/lib/application.js:574:3)
    at ServerResponse.render (/home/escritorio/Documentos/programacionDiana/servitechWeb/SERVITECH/backend/node_modules/express/lib/response.js:909:7)
    at /home/escritorio/Documentos/programacionDiana/servitechWeb/SERVITECH/backend/src/app.js:92:47
    at Layer.handleRequest (/home/escritorio/Documentos/programacionDiana/servitechWeb/SERVITECH/backend/node_modules/router/lib/layer.js:152:17) {
  path: '/home/escritorio/Documentos/programacionDiana/servitechWeb/SERVITECH/views/calendario.ejs'
}
Error global: ReferenceError: /home/escritorio/Documentos/programacionDiana/servitechWeb/SERVITECH/views/calendario.ejs:7
    5|   <meta charset="UTF-8">
    6|   <meta name="viewport" content="width=device-width, initial-scale=1.0">
 >> 7|   <title><%= pageTitle || 'Calendario - Agendar Cita' %></title>
    8|   <link href="https://cdn.jsdelivr.net/npm/bootstrap@5.3.0/dist/css/bootstrap.min.css" rel="stylesheet">
    9|   <link rel="stylesheet" href="/assets/css/base.css">
    10|   <link rel="stylesheet" href="/assets/css/componentes.css">

pageTitle is not defined
    at eval ("/home/escritorio/Documentos/programacionDiana/servitechWeb/SERVITECH/views/calendario.ejs":12:26)
    at calendario (/home/escritorio/Documentos/programacionDiana/servitechWeb/SERVITECH/backend/node_modules/ejs/lib/ejs.js:703:17)
    at tryHandleCache (/home/escritorio/Documentos/programacionDiana/servitechWeb/SERVITECH/backend/node_modules/ejs/lib/ejs.js:274:36)
    at exports.renderFile [as engine] (/home/escritorio/Documentos/programacionDiana/servitechWeb/SERVITECH/backend/node_modules/ejs/lib/ejs.js:491:10)
    at View.render (/home/escritorio/Documentos/programacionDiana/servitechWeb/SERVITECH/backend/node_modules/express/lib/view.js:139:8)
    at tryRender (/home/escritorio/Documentos/programacionDiana/servitechWeb/SERVITECH/backend/node_modules/express/lib/application.js:627:10)
    at Function.render (/home/escritorio/Documentos/programacionDiana/servitechWeb/SERVITECH/backend/node_modules/express/lib/application.js:574:3)
    at ServerResponse.render (/home/escritorio/Documentos/programacionDiana/servitechWeb/SERVITECH/backend/node_modules/express/lib/response.js:909:7)
    at /home/escritorio/Documentos/programacionDiana/servitechWeb/SERVITECH/backend/src/app.js:92:47
    at Layer.handleRequest (/home/escritorio/Documentos/programacionDiana/servitechWeb/SERVITECH/backend/node_modules/router/lib/layer.js:152:17) {
  path: '/home/escritorio/Documentos/programacionDiana/servitechWeb/SERVITECH/views/calendario.ejs'
}
📬 Procesando 0 notificaciones pendientes
⏰ Encontradas 0 asesorías para recordar
📊 Resumen de actividad generado: 0 mensajes, 0 conversaciones activas
Error global: ReferenceError: /home/escritorio/Documentos/programacionDiana/servitechWeb/SERVITECH/views/calendario.ejs:7
    5|   <meta charset="UTF-8">
    6|   <meta name="viewport" content="width=device-width, initial-scale=1.0">
 >> 7|   <title><%= pageTitle || 'Calendario - Agendar Cita' %></title>
    8|   <link href="https://cdn.jsdelivr.net/npm/bootstrap@5.3.0/dist/css/bootstrap.min.css" rel="stylesheet">
    9|   <link rel="stylesheet" href="/assets/css/base.css">
    10|   <link rel="stylesheet" href="/assets/css/componentes.css">

pageTitle is not defined
    at eval ("/home/escritorio/Documentos/programacionDiana/servitechWeb/SERVITECH/views/calendario.ejs":12:26)
    at calendario (/home/escritorio/Documentos/programacionDiana/servitechWeb/SERVITECH/backend/node_modules/ejs/lib/ejs.js:703:17)
    at tryHandleCache (/home/escritorio/Documentos/programacionDiana/servitechWeb/SERVITECH/backend/node_modules/ejs/lib/ejs.js:274:36)
    at exports.renderFile [as engine] (/home/escritorio/Documentos/programacionDiana/servitechWeb/SERVITECH/backend/node_modules/ejs/lib/ejs.js:491:10)
    at View.render (/home/escritorio/Documentos/programacionDiana/servitechWeb/SERVITECH/backend/node_modules/express/lib/view.js:139:8)
    at tryRender (/home/escritorio/Documentos/programacionDiana/servitechWeb/SERVITECH/backend/node_modules/express/lib/application.js:627:10)
    at Function.render (/home/escritorio/Documentos/programacionDiana/servitechWeb/SERVITECH/backend/node_modules/express/lib/application.js:574:3)
    at ServerResponse.render (/home/escritorio/Documentos/programacionDiana/servitechWeb/SERVITECH/backend/node_modules/express/lib/response.js:909:7)
    at /home/escritorio/Documentos/programacionDiana/servitechWeb/SERVITECH/backend/src/app.js:92:47
    at Layer.handleRequest (/home/escritorio/Documentos/programacionDiana/servitechWeb/SERVITECH/backend/node_modules/router/lib/layer.js:152:17) {
  path: '/home/escritorio/Documentos/programacionDiana/servitechWeb/SERVITECH/views/calendario.ejs'
}
Error global: ReferenceError: /home/escritorio/Documentos/programacionDiana/servitechWeb/SERVITECH/views/calendario.ejs:7
    5|   <meta charset="UTF-8">
    6|   <meta name="viewport" content="width=device-width, initial-scale=1.0">
 >> 7|   <title><%= pageTitle || 'Calendario - Agendar Cita' %></title>
    8|   <link href="https://cdn.jsdelivr.net/npm/bootstrap@5.3.0/dist/css/bootstrap.min.css" rel="stylesheet">
    9|   <link rel="stylesheet" href="/assets/css/base.css">
    10|   <link rel="stylesheet" href="/assets/css/componentes.css">

pageTitle is not defined
    at eval ("/home/escritorio/Documentos/programacionDiana/servitechWeb/SERVITECH/views/calendario.ejs":12:26)
    at calendario (/home/escritorio/Documentos/programacionDiana/servitechWeb/SERVITECH/backend/node_modules/ejs/lib/ejs.js:703:17)
    at tryHandleCache (/home/escritorio/Documentos/programacionDiana/servitechWeb/SERVITECH/backend/node_modules/ejs/lib/ejs.js:274:36)
    at exports.renderFile [as engine] (/home/escritorio/Documentos/programacionDiana/servitechWeb/SERVITECH/backend/node_modules/ejs/lib/ejs.js:491:10)
    at View.render (/home/escritorio/Documentos/programacionDiana/servitechWeb/SERVITECH/backend/node_modules/express/lib/view.js:139:8)
    at tryRender (/home/escritorio/Documentos/programacionDiana/servitechWeb/SERVITECH/backend/node_modules/express/lib/application.js:627:10)
    at Function.render (/home/escritorio/Documentos/programacionDiana/servitechWeb/SERVITECH/backend/node_modules/express/lib/application.js:574:3)
    at ServerResponse.render (/home/escritorio/Documentos/programacionDiana/servitechWeb/SERVITECH/backend/node_modules/express/lib/response.js:909:7)
    at /home/escritorio/Documentos/programacionDiana/servitechWeb/SERVITECH/backend/src/app.js:92:47
    at Layer.handleRequest (/home/escritorio/Documentos/programacionDiana/servitechWeb/SERVITECH/backend/node_modules/router/lib/layer.js:152:17) {
  path: '/home/escritorio/Documentos/programacionDiana/servitechWeb/SERVITECH/views/calendario.ejs'
}
Error global: ReferenceError: /home/escritorio/Documentos/programacionDiana/servitechWeb/SERVITECH/views/calendario.ejs:7
    5|   <meta charset="UTF-8">
    6|   <meta name="viewport" content="width=device-width, initial-scale=1.0">
 >> 7|   <title><%= pageTitle || 'Calendario - Agendar Cita' %></title>
    8|   <link href="https://cdn.jsdelivr.net/npm/bootstrap@5.3.0/dist/css/bootstrap.min.css" rel="stylesheet">
    9|   <link rel="stylesheet" href="/assets/css/base.css">
    10|   <link rel="stylesheet" href="/assets/css/componentes.css">

pageTitle is not defined
    at eval ("/home/escritorio/Documentos/programacionDiana/servitechWeb/SERVITECH/views/calendario.ejs":12:26)
    at calendario (/home/escritorio/Documentos/programacionDiana/servitechWeb/SERVITECH/backend/node_modules/ejs/lib/ejs.js:703:17)
    at tryHandleCache (/home/escritorio/Documentos/programacionDiana/servitechWeb/SERVITECH/backend/node_modules/ejs/lib/ejs.js:274:36)
    at exports.renderFile [as engine] (/home/escritorio/Documentos/programacionDiana/servitechWeb/SERVITECH/backend/node_modules/ejs/lib/ejs.js:491:10)
    at View.render (/home/escritorio/Documentos/programacionDiana/servitechWeb/SERVITECH/backend/node_modules/express/lib/view.js:139:8)
    at tryRender (/home/escritorio/Documentos/programacionDiana/servitechWeb/SERVITECH/backend/node_modules/express/lib/application.js:627:10)
    at Function.render (/home/escritorio/Documentos/programacionDiana/servitechWeb/SERVITECH/backend/node_modules/express/lib/application.js:574:3)
    at ServerResponse.render (/home/escritorio/Documentos/programacionDiana/servitechWeb/SERVITECH/backend/node_modules/express/lib/response.js:909:7)
    at /home/escritorio/Documentos/programacionDiana/servitechWeb/SERVITECH/backend/src/app.js:92:47
    at Layer.handleRequest (/home/escritorio/Documentos/programacionDiana/servitechWeb/SERVITECH/backend/node_modules/router/lib/layer.js:152:17) {
  path: '/home/escritorio/Documentos/programacionDiana/servitechWeb/SERVITECH/views/calendario.ejs'
}
Error global: ReferenceError: /home/escritorio/Documentos/programacionDiana/servitechWeb/SERVITECH/views/calendario.ejs:7
    5|   <meta charset="UTF-8">
    6|   <meta name="viewport" content="width=device-width, initial-scale=1.0">
 >> 7|   <title><%= pageTitle || 'Calendario - Agendar Cita' %></title>
    8|   <link href="https://cdn.jsdelivr.net/npm/bootstrap@5.3.0/dist/css/bootstrap.min.css" rel="stylesheet">
    9|   <link rel="stylesheet" href="/assets/css/base.css">
    10|   <link rel="stylesheet" href="/assets/css/componentes.css">

pageTitle is not defined
    at eval ("/home/escritorio/Documentos/programacionDiana/servitechWeb/SERVITECH/views/calendario.ejs":12:26)
    at calendario (/home/escritorio/Documentos/programacionDiana/servitechWeb/SERVITECH/backend/node_modules/ejs/lib/ejs.js:703:17)
    at tryHandleCache (/home/escritorio/Documentos/programacionDiana/servitechWeb/SERVITECH/backend/node_modules/ejs/lib/ejs.js:274:36)
    at exports.renderFile [as engine] (/home/escritorio/Documentos/programacionDiana/servitechWeb/SERVITECH/backend/node_modules/ejs/lib/ejs.js:491:10)
    at View.render (/home/escritorio/Documentos/programacionDiana/servitechWeb/SERVITECH/backend/node_modules/express/lib/view.js:139:8)
    at tryRender (/home/escritorio/Documentos/programacionDiana/servitechWeb/SERVITECH/backend/node_modules/express/lib/application.js:627:10)
    at Function.render (/home/escritorio/Documentos/programacionDiana/servitechWeb/SERVITECH/backend/node_modules/express/lib/application.js:574:3)
    at ServerResponse.render (/home/escritorio/Documentos/programacionDiana/servitechWeb/SERVITECH/backend/node_modules/express/lib/response.js:909:7)
    at /home/escritorio/Documentos/programacionDiana/servitechWeb/SERVITECH/backend/src/app.js:92:47
    at Layer.handleRequest (/home/escritorio/Documentos/programacionDiana/servitechWeb/SERVITECH/backend/node_modules/router/lib/layer.js:152:17) {
  path: '/home/escritorio/Documentos/programacionDiana/servitechWeb/SERVITECH/views/calendario.ejs'
}
