nohup: no se tendrá en cuenta la entrada
✅ Credenciales PSE configuradas correctamente
🏦 Modo: sandbox
✅ Socket.IO temporalmente deshabilitado para debugging
🚀 Servidor backend escuchando en puerto 3001
💬 Socket.IO para mensajería activo
📡 WebSockets disponibles en ws://localhost:3001
🌐 Accede a la aplicación en: http://localhost:3001
Conectado a MongoDB: mongodb://localhost:27017/servitech
⚠️ ID de experto inválido: 1, usando datos de prueba para calendario
⚠️ ID de experto inválido: 1, usando datos de prueba
⚠️ ID de experto inválido: 1, usando datos de prueba
⚠️ ID de experto inválido: 1, usando datos de prueba
⚠️ ID de experto inválido: 1, usando datos de prueba para calendario
⚠️ ID de experto inválido: 1, usando datos de prueba
🏦 Obteniendo lista de bancos PSE...
❌ Error al obtener bancos PSE: AxiosError: getaddrinfo ENOTFOUND sandbox.api.pse.com.co
    at AxiosError.from (/home/escritorio/Documentos/programacionDiana/servitechWeb/SERVITECH/backend/node_modules/axios/dist/node/axios.cjs:863:14)
    at RedirectableRequest.handleRequestError (/home/escritorio/Documentos/programacionDiana/servitechWeb/SERVITECH/backend/node_modules/axios/dist/node/axios.cjs:3191:25)
    at RedirectableRequest.emit (node:events:524:28)
    at eventHandlers.<computed> (/home/escritorio/Documentos/programacionDiana/servitechWeb/SERVITECH/backend/node_modules/follow-redirects/index.js:49:24)
    at ClientRequest.emit (node:events:524:28)
    at emitErrorEvent (node:_http_client:101:11)
    at TLSSocket.socketErrorListener (node:_http_client:504:5)
    at TLSSocket.emit (node:events:524:28)
    at emitErrorNT (node:internal/streams/destroy:169:8)
    at emitErrorCloseNT (node:internal/streams/destroy:128:3)
    at Axios.request (/home/escritorio/Documentos/programacionDiana/servitechWeb/SERVITECH/backend/node_modules/axios/dist/node/axios.cjs:4280:41)
    at process.processTicksAndRejections (node:internal/process/task_queues:95:5)
    at async PSEController.obtenerBancos (/home/escritorio/Documentos/programacionDiana/servitechWeb/SERVITECH/backend/src/controllers/pseController.js:48:30) {
  hostname: 'sandbox.api.pse.com.co',
  syscall: 'getaddrinfo',
  code: 'ENOTFOUND',
  errno: -3008,
  config: {
    transitional: {
      silentJSONParsing: true,
      forcedJSONParsing: true,
      clarifyTimeoutError: false
    },
    adapter: [ 'xhr', 'http', 'fetch' ],
    transformRequest: [ [Function: transformRequest] ],
    transformResponse: [ [Function: transformResponse] ],
    timeout: 0,
    xsrfCookieName: 'XSRF-TOKEN',
    xsrfHeaderName: 'X-XSRF-TOKEN',
    maxContentLength: -1,
    maxBodyLength: -1,
    env: { FormData: [Function [FormData]], Blob: [class Blob] },
    validateStatus: [Function: validateStatus],
    headers: Object [AxiosHeaders] {
      Accept: 'application/json',
      'Content-Type': 'application/json',
      Authorization: 'Bearer undefined',
      'User-Agent': 'axios/1.10.0',
      'Accept-Encoding': 'gzip, compress, deflate, br'
    },
    method: 'get',
    url: 'https://sandbox.api.pse.com.co/pse/banks',
    allowAbsoluteUrls: true,
    data: undefined
  },
  request: <ref *1> Writable {
    _events: {
      close: undefined,
      error: [Function: handleRequestError],
      prefinish: undefined,
      finish: undefined,
      drain: undefined,
      response: [Function: handleResponse],
      socket: [Function: handleRequestSocket]
    },
    _writableState: WritableState {
      highWaterMark: 16384,
      length: 0,
      corked: 0,
      onwrite: [Function: bound onwrite],
      writelen: 0,
      bufferedIndex: 0,
      pendingcb: 0,
      [Symbol(kState)]: 17580812,
      [Symbol(kBufferedValue)]: null
    },
    _maxListeners: undefined,
    _options: {
      maxRedirects: 21,
      maxBodyLength: Infinity,
      protocol: 'https:',
      path: '/pse/banks',
      method: 'GET',
      headers: [Object: null prototype],
      agents: [Object],
      auth: undefined,
      family: undefined,
      beforeRedirect: [Function: dispatchBeforeRedirect],
      beforeRedirects: [Object],
      hostname: 'sandbox.api.pse.com.co',
      port: '',
      agent: undefined,
      nativeProtocols: [Object],
      pathname: '/pse/banks'
    },
    _ended: true,
    _ending: true,
    _redirectCount: 0,
    _redirects: [],
    _requestBodyLength: 0,
    _requestBodyBuffers: [],
    _eventsCount: 3,
    _onNativeResponse: [Function (anonymous)],
    _currentRequest: ClientRequest {
      _events: [Object: null prototype],
      _eventsCount: 7,
      _maxListeners: undefined,
      outputData: [],
      outputSize: 0,
      writable: true,
      destroyed: false,
      _last: true,
      chunkedEncoding: false,
      shouldKeepAlive: true,
      maxRequestsOnConnectionReached: false,
      _defaultKeepAlive: true,
      useChunkedEncodingByDefault: false,
      sendDate: false,
      _removedConnection: false,
      _removedContLen: false,
      _removedTE: false,
      strictContentLength: false,
      _contentLength: 0,
      _hasBody: true,
      _trailer: '',
      finished: true,
      _headerSent: true,
      _closed: false,
      socket: [TLSSocket],
      _header: 'GET /pse/banks HTTP/1.1\r\n' +
        'Accept: application/json\r\n' +
        'Content-Type: application/json\r\n' +
        'Authorization: Bearer undefined\r\n' +
        'User-Agent: axios/1.10.0\r\n' +
        'Accept-Encoding: gzip, compress, deflate, br\r\n' +
        'Host: sandbox.api.pse.com.co\r\n' +
        'Connection: keep-alive\r\n' +
        '\r\n',
      _keepAliveTimeout: 0,
      _onPendingData: [Function: nop],
      agent: [Agent],
      socketPath: undefined,
      method: 'GET',
      maxHeaderSize: undefined,
      insecureHTTPParser: undefined,
      joinDuplicateHeaders: undefined,
      path: '/pse/banks',
      _ended: false,
      res: null,
      aborted: false,
      timeoutCb: [Function: emitRequestTimeout],
      upgradeOrConnect: false,
      parser: null,
      maxHeadersCount: null,
      reusedSocket: false,
      host: 'sandbox.api.pse.com.co',
      protocol: 'https:',
      _redirectable: [Circular *1],
      [Symbol(shapeMode)]: false,
      [Symbol(kCapture)]: false,
      [Symbol(kBytesWritten)]: 0,
      [Symbol(kNeedDrain)]: false,
      [Symbol(corked)]: 0,
      [Symbol(kOutHeaders)]: [Object: null prototype],
      [Symbol(errored)]: null,
      [Symbol(kHighWaterMark)]: 16384,
      [Symbol(kRejectNonStandardBodyWrites)]: false,
      [Symbol(kUniqueHeaders)]: null
    },
    _currentUrl: 'https://sandbox.api.pse.com.co/pse/banks',
    [Symbol(shapeMode)]: true,
    [Symbol(kCapture)]: false
  },
  cause: Error: getaddrinfo ENOTFOUND sandbox.api.pse.com.co
      at GetAddrInfoReqWrap.onlookupall [as oncomplete] (node:dns:120:26) {
    errno: -3008,
    code: 'ENOTFOUND',
    syscall: 'getaddrinfo',
    hostname: 'sandbox.api.pse.com.co'
  }
}
⚠️  Usando bancos de prueba por error de conectividad
⚠️ ID de experto inválido: 1, usando datos de prueba para calendario
🏦 Obteniendo lista de bancos PSE...
❌ Error al obtener bancos PSE: AxiosError: getaddrinfo ENOTFOUND sandbox.api.pse.com.co
    at AxiosError.from (/home/escritorio/Documentos/programacionDiana/servitechWeb/SERVITECH/backend/node_modules/axios/dist/node/axios.cjs:863:14)
    at RedirectableRequest.handleRequestError (/home/escritorio/Documentos/programacionDiana/servitechWeb/SERVITECH/backend/node_modules/axios/dist/node/axios.cjs:3191:25)
    at RedirectableRequest.emit (node:events:524:28)
    at eventHandlers.<computed> (/home/escritorio/Documentos/programacionDiana/servitechWeb/SERVITECH/backend/node_modules/follow-redirects/index.js:49:24)
    at ClientRequest.emit (node:events:524:28)
    at emitErrorEvent (node:_http_client:101:11)
    at TLSSocket.socketErrorListener (node:_http_client:504:5)
    at TLSSocket.emit (node:events:524:28)
    at emitErrorNT (node:internal/streams/destroy:169:8)
    at emitErrorCloseNT (node:internal/streams/destroy:128:3)
    at Axios.request (/home/escritorio/Documentos/programacionDiana/servitechWeb/SERVITECH/backend/node_modules/axios/dist/node/axios.cjs:4280:41)
    at process.processTicksAndRejections (node:internal/process/task_queues:95:5)
    at async PSEController.obtenerBancos (/home/escritorio/Documentos/programacionDiana/servitechWeb/SERVITECH/backend/src/controllers/pseController.js:48:30) {
  hostname: 'sandbox.api.pse.com.co',
  syscall: 'getaddrinfo',
  code: 'ENOTFOUND',
  errno: -3008,
  config: {
    transitional: {
      silentJSONParsing: true,
      forcedJSONParsing: true,
      clarifyTimeoutError: false
    },
    adapter: [ 'xhr', 'http', 'fetch' ],
    transformRequest: [ [Function: transformRequest] ],
    transformResponse: [ [Function: transformResponse] ],
    timeout: 0,
    xsrfCookieName: 'XSRF-TOKEN',
    xsrfHeaderName: 'X-XSRF-TOKEN',
    maxContentLength: -1,
    maxBodyLength: -1,
    env: { FormData: [Function [FormData]], Blob: [class Blob] },
    validateStatus: [Function: validateStatus],
    headers: Object [AxiosHeaders] {
      Accept: 'application/json',
      'Content-Type': 'application/json',
      Authorization: 'Bearer undefined',
      'User-Agent': 'axios/1.10.0',
      'Accept-Encoding': 'gzip, compress, deflate, br'
    },
    method: 'get',
    url: 'https://sandbox.api.pse.com.co/pse/banks',
    allowAbsoluteUrls: true,
    data: undefined
  },
  request: <ref *1> Writable {
    _events: {
      close: undefined,
      error: [Function: handleRequestError],
      prefinish: undefined,
      finish: undefined,
      drain: undefined,
      response: [Function: handleResponse],
      socket: [Function: handleRequestSocket]
    },
    _writableState: WritableState {
      highWaterMark: 16384,
      length: 0,
      corked: 0,
      onwrite: [Function: bound onwrite],
      writelen: 0,
      bufferedIndex: 0,
      pendingcb: 0,
      [Symbol(kState)]: 17580812,
      [Symbol(kBufferedValue)]: null
    },
    _maxListeners: undefined,
    _options: {
      maxRedirects: 21,
      maxBodyLength: Infinity,
      protocol: 'https:',
      path: '/pse/banks',
      method: 'GET',
      headers: [Object: null prototype],
      agents: [Object],
      auth: undefined,
      family: undefined,
      beforeRedirect: [Function: dispatchBeforeRedirect],
      beforeRedirects: [Object],
      hostname: 'sandbox.api.pse.com.co',
      port: '',
      agent: undefined,
      nativeProtocols: [Object],
      pathname: '/pse/banks'
    },
    _ended: true,
    _ending: true,
    _redirectCount: 0,
    _redirects: [],
    _requestBodyLength: 0,
    _requestBodyBuffers: [],
    _eventsCount: 3,
    _onNativeResponse: [Function (anonymous)],
    _currentRequest: ClientRequest {
      _events: [Object: null prototype],
      _eventsCount: 7,
      _maxListeners: undefined,
      outputData: [],
      outputSize: 0,
      writable: true,
      destroyed: false,
      _last: true,
      chunkedEncoding: false,
      shouldKeepAlive: true,
      maxRequestsOnConnectionReached: false,
      _defaultKeepAlive: true,
      useChunkedEncodingByDefault: false,
      sendDate: false,
      _removedConnection: false,
      _removedContLen: false,
      _removedTE: false,
      strictContentLength: false,
      _contentLength: 0,
      _hasBody: true,
      _trailer: '',
      finished: true,
      _headerSent: true,
      _closed: false,
      socket: [TLSSocket],
      _header: 'GET /pse/banks HTTP/1.1\r\n' +
        'Accept: application/json\r\n' +
        'Content-Type: application/json\r\n' +
        'Authorization: Bearer undefined\r\n' +
        'User-Agent: axios/1.10.0\r\n' +
        'Accept-Encoding: gzip, compress, deflate, br\r\n' +
        'Host: sandbox.api.pse.com.co\r\n' +
        'Connection: keep-alive\r\n' +
        '\r\n',
      _keepAliveTimeout: 0,
      _onPendingData: [Function: nop],
      agent: [Agent],
      socketPath: undefined,
      method: 'GET',
      maxHeaderSize: undefined,
      insecureHTTPParser: undefined,
      joinDuplicateHeaders: undefined,
      path: '/pse/banks',
      _ended: false,
      res: null,
      aborted: false,
      timeoutCb: [Function: emitRequestTimeout],
      upgradeOrConnect: false,
      parser: null,
      maxHeadersCount: null,
      reusedSocket: false,
      host: 'sandbox.api.pse.com.co',
      protocol: 'https:',
      _redirectable: [Circular *1],
      [Symbol(shapeMode)]: false,
      [Symbol(kCapture)]: false,
      [Symbol(kBytesWritten)]: 0,
      [Symbol(kNeedDrain)]: false,
      [Symbol(corked)]: 0,
      [Symbol(kOutHeaders)]: [Object: null prototype],
      [Symbol(errored)]: null,
      [Symbol(kHighWaterMark)]: 16384,
      [Symbol(kRejectNonStandardBodyWrites)]: false,
      [Symbol(kUniqueHeaders)]: null
    },
    _currentUrl: 'https://sandbox.api.pse.com.co/pse/banks',
    [Symbol(shapeMode)]: true,
    [Symbol(kCapture)]: false
  },
  cause: Error: getaddrinfo ENOTFOUND sandbox.api.pse.com.co
      at GetAddrInfoReqWrap.onlookupall [as oncomplete] (node:dns:120:26) {
    errno: -3008,
    code: 'ENOTFOUND',
    syscall: 'getaddrinfo',
    hostname: 'sandbox.api.pse.com.co'
  }
}
⚠️  Usando bancos de prueba por error de conectividad
🏦 Obteniendo lista de bancos PSE...
❌ Error al obtener bancos PSE: AxiosError: getaddrinfo ENOTFOUND sandbox.api.pse.com.co
    at AxiosError.from (/home/escritorio/Documentos/programacionDiana/servitechWeb/SERVITECH/backend/node_modules/axios/dist/node/axios.cjs:863:14)
    at RedirectableRequest.handleRequestError (/home/escritorio/Documentos/programacionDiana/servitechWeb/SERVITECH/backend/node_modules/axios/dist/node/axios.cjs:3191:25)
    at RedirectableRequest.emit (node:events:524:28)
    at eventHandlers.<computed> (/home/escritorio/Documentos/programacionDiana/servitechWeb/SERVITECH/backend/node_modules/follow-redirects/index.js:49:24)
    at ClientRequest.emit (node:events:524:28)
    at emitErrorEvent (node:_http_client:101:11)
    at TLSSocket.socketErrorListener (node:_http_client:504:5)
    at TLSSocket.emit (node:events:524:28)
    at emitErrorNT (node:internal/streams/destroy:169:8)
    at emitErrorCloseNT (node:internal/streams/destroy:128:3)
    at Axios.request (/home/escritorio/Documentos/programacionDiana/servitechWeb/SERVITECH/backend/node_modules/axios/dist/node/axios.cjs:4280:41)
    at process.processTicksAndRejections (node:internal/process/task_queues:95:5)
    at async PSEController.obtenerBancos (/home/escritorio/Documentos/programacionDiana/servitechWeb/SERVITECH/backend/src/controllers/pseController.js:48:30) {
  hostname: 'sandbox.api.pse.com.co',
  syscall: 'getaddrinfo',
  code: 'ENOTFOUND',
  errno: -3008,
  config: {
    transitional: {
      silentJSONParsing: true,
      forcedJSONParsing: true,
      clarifyTimeoutError: false
    },
    adapter: [ 'xhr', 'http', 'fetch' ],
    transformRequest: [ [Function: transformRequest] ],
    transformResponse: [ [Function: transformResponse] ],
    timeout: 0,
    xsrfCookieName: 'XSRF-TOKEN',
    xsrfHeaderName: 'X-XSRF-TOKEN',
    maxContentLength: -1,
    maxBodyLength: -1,
    env: { FormData: [Function [FormData]], Blob: [class Blob] },
    validateStatus: [Function: validateStatus],
    headers: Object [AxiosHeaders] {
      Accept: 'application/json',
      'Content-Type': 'application/json',
      Authorization: 'Bearer undefined',
      'User-Agent': 'axios/1.10.0',
      'Accept-Encoding': 'gzip, compress, deflate, br'
    },
    method: 'get',
    url: 'https://sandbox.api.pse.com.co/pse/banks',
    allowAbsoluteUrls: true,
    data: undefined
  },
  request: <ref *1> Writable {
    _events: {
      close: undefined,
      error: [Function: handleRequestError],
      prefinish: undefined,
      finish: undefined,
      drain: undefined,
      response: [Function: handleResponse],
      socket: [Function: handleRequestSocket]
    },
    _writableState: WritableState {
      highWaterMark: 16384,
      length: 0,
      corked: 0,
      onwrite: [Function: bound onwrite],
      writelen: 0,
      bufferedIndex: 0,
      pendingcb: 0,
      [Symbol(kState)]: 17580812,
      [Symbol(kBufferedValue)]: null
    },
    _maxListeners: undefined,
    _options: {
      maxRedirects: 21,
      maxBodyLength: Infinity,
      protocol: 'https:',
      path: '/pse/banks',
      method: 'GET',
      headers: [Object: null prototype],
      agents: [Object],
      auth: undefined,
      family: undefined,
      beforeRedirect: [Function: dispatchBeforeRedirect],
      beforeRedirects: [Object],
      hostname: 'sandbox.api.pse.com.co',
      port: '',
      agent: undefined,
      nativeProtocols: [Object],
      pathname: '/pse/banks'
    },
    _ended: true,
    _ending: true,
    _redirectCount: 0,
    _redirects: [],
    _requestBodyLength: 0,
    _requestBodyBuffers: [],
    _eventsCount: 3,
    _onNativeResponse: [Function (anonymous)],
    _currentRequest: ClientRequest {
      _events: [Object: null prototype],
      _eventsCount: 7,
      _maxListeners: undefined,
      outputData: [],
      outputSize: 0,
      writable: true,
      destroyed: false,
      _last: true,
      chunkedEncoding: false,
      shouldKeepAlive: true,
      maxRequestsOnConnectionReached: false,
      _defaultKeepAlive: true,
      useChunkedEncodingByDefault: false,
      sendDate: false,
      _removedConnection: false,
      _removedContLen: false,
      _removedTE: false,
      strictContentLength: false,
      _contentLength: 0,
      _hasBody: true,
      _trailer: '',
      finished: true,
      _headerSent: true,
      _closed: false,
      socket: [TLSSocket],
      _header: 'GET /pse/banks HTTP/1.1\r\n' +
        'Accept: application/json\r\n' +
        'Content-Type: application/json\r\n' +
        'Authorization: Bearer undefined\r\n' +
        'User-Agent: axios/1.10.0\r\n' +
        'Accept-Encoding: gzip, compress, deflate, br\r\n' +
        'Host: sandbox.api.pse.com.co\r\n' +
        'Connection: keep-alive\r\n' +
        '\r\n',
      _keepAliveTimeout: 0,
      _onPendingData: [Function: nop],
      agent: [Agent],
      socketPath: undefined,
      method: 'GET',
      maxHeaderSize: undefined,
      insecureHTTPParser: undefined,
      joinDuplicateHeaders: undefined,
      path: '/pse/banks',
      _ended: false,
      res: null,
      aborted: false,
      timeoutCb: [Function: emitRequestTimeout],
      upgradeOrConnect: false,
      parser: null,
      maxHeadersCount: null,
      reusedSocket: false,
      host: 'sandbox.api.pse.com.co',
      protocol: 'https:',
      _redirectable: [Circular *1],
      [Symbol(shapeMode)]: false,
      [Symbol(kCapture)]: false,
      [Symbol(kBytesWritten)]: 0,
      [Symbol(kNeedDrain)]: false,
      [Symbol(corked)]: 0,
      [Symbol(kOutHeaders)]: [Object: null prototype],
      [Symbol(errored)]: null,
      [Symbol(kHighWaterMark)]: 16384,
      [Symbol(kRejectNonStandardBodyWrites)]: false,
      [Symbol(kUniqueHeaders)]: null
    },
    _currentUrl: 'https://sandbox.api.pse.com.co/pse/banks',
    [Symbol(shapeMode)]: true,
    [Symbol(kCapture)]: false
  },
  cause: Error: getaddrinfo ENOTFOUND sandbox.api.pse.com.co
      at GetAddrInfoReqWrap.onlookupall [as oncomplete] (node:dns:120:26) {
    errno: -3008,
    code: 'ENOTFOUND',
    syscall: 'getaddrinfo',
    hostname: 'sandbox.api.pse.com.co'
  }
}
⚠️  Usando bancos de prueba por error de conectividad
🏦 Obteniendo lista de bancos PSE...
❌ Error al obtener bancos PSE: AxiosError: getaddrinfo ENOTFOUND sandbox.api.pse.com.co
    at AxiosError.from (/home/escritorio/Documentos/programacionDiana/servitechWeb/SERVITECH/backend/node_modules/axios/dist/node/axios.cjs:863:14)
    at RedirectableRequest.handleRequestError (/home/escritorio/Documentos/programacionDiana/servitechWeb/SERVITECH/backend/node_modules/axios/dist/node/axios.cjs:3191:25)
    at RedirectableRequest.emit (node:events:524:28)
    at eventHandlers.<computed> (/home/escritorio/Documentos/programacionDiana/servitechWeb/SERVITECH/backend/node_modules/follow-redirects/index.js:49:24)
    at ClientRequest.emit (node:events:524:28)
    at emitErrorEvent (node:_http_client:101:11)
    at TLSSocket.socketErrorListener (node:_http_client:504:5)
    at TLSSocket.emit (node:events:524:28)
    at emitErrorNT (node:internal/streams/destroy:169:8)
    at emitErrorCloseNT (node:internal/streams/destroy:128:3)
    at Axios.request (/home/escritorio/Documentos/programacionDiana/servitechWeb/SERVITECH/backend/node_modules/axios/dist/node/axios.cjs:4280:41)
    at process.processTicksAndRejections (node:internal/process/task_queues:95:5)
    at async PSEController.obtenerBancos (/home/escritorio/Documentos/programacionDiana/servitechWeb/SERVITECH/backend/src/controllers/pseController.js:48:30) {
  hostname: 'sandbox.api.pse.com.co',
  syscall: 'getaddrinfo',
  code: 'ENOTFOUND',
  errno: -3008,
  config: {
    transitional: {
      silentJSONParsing: true,
      forcedJSONParsing: true,
      clarifyTimeoutError: false
    },
    adapter: [ 'xhr', 'http', 'fetch' ],
    transformRequest: [ [Function: transformRequest] ],
    transformResponse: [ [Function: transformResponse] ],
    timeout: 0,
    xsrfCookieName: 'XSRF-TOKEN',
    xsrfHeaderName: 'X-XSRF-TOKEN',
    maxContentLength: -1,
    maxBodyLength: -1,
    env: { FormData: [Function [FormData]], Blob: [class Blob] },
    validateStatus: [Function: validateStatus],
    headers: Object [AxiosHeaders] {
      Accept: 'application/json',
      'Content-Type': 'application/json',
      Authorization: 'Bearer undefined',
      'User-Agent': 'axios/1.10.0',
      'Accept-Encoding': 'gzip, compress, deflate, br'
    },
    method: 'get',
    url: 'https://sandbox.api.pse.com.co/pse/banks',
    allowAbsoluteUrls: true,
    data: undefined
  },
  request: <ref *1> Writable {
    _events: {
      close: undefined,
      error: [Function: handleRequestError],
      prefinish: undefined,
      finish: undefined,
      drain: undefined,
      response: [Function: handleResponse],
      socket: [Function: handleRequestSocket]
    },
    _writableState: WritableState {
      highWaterMark: 16384,
      length: 0,
      corked: 0,
      onwrite: [Function: bound onwrite],
      writelen: 0,
      bufferedIndex: 0,
      pendingcb: 0,
      [Symbol(kState)]: 17580812,
      [Symbol(kBufferedValue)]: null
    },
    _maxListeners: undefined,
    _options: {
      maxRedirects: 21,
      maxBodyLength: Infinity,
      protocol: 'https:',
      path: '/pse/banks',
      method: 'GET',
      headers: [Object: null prototype],
      agents: [Object],
      auth: undefined,
      family: undefined,
      beforeRedirect: [Function: dispatchBeforeRedirect],
      beforeRedirects: [Object],
      hostname: 'sandbox.api.pse.com.co',
      port: '',
      agent: undefined,
      nativeProtocols: [Object],
      pathname: '/pse/banks'
    },
    _ended: true,
    _ending: true,
    _redirectCount: 0,
    _redirects: [],
    _requestBodyLength: 0,
    _requestBodyBuffers: [],
    _eventsCount: 3,
    _onNativeResponse: [Function (anonymous)],
    _currentRequest: ClientRequest {
      _events: [Object: null prototype],
      _eventsCount: 7,
      _maxListeners: undefined,
      outputData: [],
      outputSize: 0,
      writable: true,
      destroyed: false,
      _last: true,
      chunkedEncoding: false,
      shouldKeepAlive: true,
      maxRequestsOnConnectionReached: false,
      _defaultKeepAlive: true,
      useChunkedEncodingByDefault: false,
      sendDate: false,
      _removedConnection: false,
      _removedContLen: false,
      _removedTE: false,
      strictContentLength: false,
      _contentLength: 0,
      _hasBody: true,
      _trailer: '',
      finished: true,
      _headerSent: true,
      _closed: false,
      socket: [TLSSocket],
      _header: 'GET /pse/banks HTTP/1.1\r\n' +
        'Accept: application/json\r\n' +
        'Content-Type: application/json\r\n' +
        'Authorization: Bearer undefined\r\n' +
        'User-Agent: axios/1.10.0\r\n' +
        'Accept-Encoding: gzip, compress, deflate, br\r\n' +
        'Host: sandbox.api.pse.com.co\r\n' +
        'Connection: keep-alive\r\n' +
        '\r\n',
      _keepAliveTimeout: 0,
      _onPendingData: [Function: nop],
      agent: [Agent],
      socketPath: undefined,
      method: 'GET',
      maxHeaderSize: undefined,
      insecureHTTPParser: undefined,
      joinDuplicateHeaders: undefined,
      path: '/pse/banks',
      _ended: false,
      res: null,
      aborted: false,
      timeoutCb: [Function: emitRequestTimeout],
      upgradeOrConnect: false,
      parser: null,
      maxHeadersCount: null,
      reusedSocket: false,
      host: 'sandbox.api.pse.com.co',
      protocol: 'https:',
      _redirectable: [Circular *1],
      [Symbol(shapeMode)]: false,
      [Symbol(kCapture)]: false,
      [Symbol(kBytesWritten)]: 0,
      [Symbol(kNeedDrain)]: false,
      [Symbol(corked)]: 0,
      [Symbol(kOutHeaders)]: [Object: null prototype],
      [Symbol(errored)]: null,
      [Symbol(kHighWaterMark)]: 16384,
      [Symbol(kRejectNonStandardBodyWrites)]: false,
      [Symbol(kUniqueHeaders)]: null
    },
    _currentUrl: 'https://sandbox.api.pse.com.co/pse/banks',
    [Symbol(shapeMode)]: true,
    [Symbol(kCapture)]: false
  },
  cause: Error: getaddrinfo ENOTFOUND sandbox.api.pse.com.co
      at GetAddrInfoReqWrap.onlookupall [as oncomplete] (node:dns:120:26) {
    errno: -3008,
    code: 'ENOTFOUND',
    syscall: 'getaddrinfo',
    hostname: 'sandbox.api.pse.com.co'
  }
}
⚠️  Usando bancos de prueba por error de conectividad
